Arguments: 
  C:\Program Files\nodejs\node.exe C:\Program Files (x86)\Yarn\bin\yarn.js install

PATH: 
  C:\Program Files\Git\mingw64\bin;C:\Program Files\Git\usr\bin;C:\Users\Fabien\bin;C:\Program Files (x86)\Razer\ChromaBroadcast\bin;C:\Program Files\Razer\ChromaBroadcast\bin;C:\Program Files (x86)\Razer Chroma SDK\bin;C:\Program Files\Razer Chroma SDK\bin;C:\Windows\system32;C:\Windows;C:\Windows\System32\Wbem;C:\Windows\System32\WindowsPowerShell\v1.0;C:\Program Files (x86)\NVIDIA Corporation\PhysX\Common;C:\WINDOWS\system32;C:\WINDOWS;C:\WINDOWS\System32\Wbem;C:\WINDOWS\System32\WindowsPowerShell\v1.0;C:\WINDOWS\System32\OpenSSH;C:\Program Files\nodejs;C:\Program Files\Git\cmd;C:\Program Files\NVIDIA Corporation\NVIDIA NvDLISR;C:\Program Files (x86)\Yarn\bin;C:\Users\Fabien\AppData\Local\Programs\Python\Python37-32\Scripts;C:\Users\Fabien\AppData\Local\Programs\Python\Python37-32;C:\Users\Fabien\AppData\Local\Microsoft\WindowsApps;C:\Users\Fabien\AppData\Roaming\npm;C:\Users\Fabien\AppData\Local\atom\bin;C:\Users\Fabien\AppData\Local\Programs\Microsoft VS Code\bin;C:\Users\Fabien\AppData\Local\Yarn\bin;C:\Program Files\MongoDB\Server\4.0\bin;C:\WINDOWS\system32;C:\WINDOWS;C:\WINDOWS\System32\Wbem;C:\WINDOWS\System32\WindowsPowerShell\v1.0;C:\WINDOWS\System32\OpenSSH;C:\Program Files\heroku\bin

Yarn version: 
  1.15.2

Node version: 
  12.16.1

Platform: 
  win32 x64

Trace: 
  Error: EPERM: operation not permitted, unlink 'C:\Users\Fabien\Desktop\dev\MyDishDashboard\node_modules\node-sass\vendor\win32-x64-72\binding.node'

npm manifest: 
  {
    "name": "black-dashboard-react",
    "version": "1.1.0",
    "private": true,
    "homepage": "https://demos.creative-tim.com/black-dashboard-react/#/admin/dashboard",
    "dependencies": {
      "@apollo/client": "^3.2.5",
      "@types/react": "16.9.23",
      "chart.js": "2.9.3",
      "classnames": "2.2.6",
      "graphql": "^15.4.0",
      "history": "4.10.1",
      "node-sass": "4.13.1",
      "perfect-scrollbar": "1.5.0",
      "prop-types": "15.7.2",
      "react": "16.13.0",
      "react-chartjs-2": "2.9.0",
      "react-dom": "16.13.0",
      "react-google-maps": "9.4.5",
      "react-notification-alert": "0.0.12",
      "react-redux": "^7.2.2",
      "react-router-dom": "5.1.2",
      "react-scripts": "3.4.0",
      "reactstrap": "8.4.1",
      "redux": "^4.0.5",
      "sweetalert2": "^10.9.0",
      "sweetalert2-react-content": "^3.2.1"
    },
    "scripts": {
      "start": "react-scripts start",
      "build": "react-scripts build && gulp licenses",
      "test": "react-scripts test --env=jsdom",
      "eject": "react-scripts eject",
      "install:clean": "rm -rf node_modules/ && rm -rf package-lock.json && npm install && npm start",
      "compile-scss": "node-sass src/assets/scss/black-dashboard-react.scss src/assets/css/black-dashboard-react.css",
      "minify-sass": "node-sass src/assets/scss/black-dashboard-react.scss src/assets/css/black-dashboard-react.min.css --output-style compressed",
      "map-sass": "node-sass src/assets/scss/black-dashboard-react.scss src/assets/css/black-dashboard-react.css --source-map true"
    },
    "eslintConfig": {
      "extends": "react-app"
    },
    "browserslist": [
      ">0.2%",
      "not dead",
      "not ie <= 11",
      "not op_mini all"
    ],
    "optionalDependencies": {
      "@types/googlemaps": "3.39.3",
      "@types/markerclustererplus": "2.1.33",
      "eslint-plugin-flowtype": "3.13.0",
      "typescript": "3.8.3"
    },
    "devDependencies": {
      "gulp": "4.0.2",
      "gulp-append-prepend": "1.0.8"
    }
  }

yarn manifest: 
  No manifest

Lockfile: 
  No lockfile
